Determining if the pthread_create exist failed with the following output:
Change Dir: /run/media/rt-2pm2/500GB/autopilot/AVMSF/build/CMakeFiles/CMakeTmp

Run Build Command:"/usr/bin/gmake" "cmTC_d4248/fast"
/usr/bin/gmake -f CMakeFiles/cmTC_d4248.dir/build.make CMakeFiles/cmTC_d4248.dir/build
gmake[1]: Entering directory '/run/media/rt-2pm2/500GB/autopilot/AVMSF/build/CMakeFiles/CMakeTmp'
Building C object CMakeFiles/cmTC_d4248.dir/CheckSymbolExists.c.o
/usr/bin/cc     -o CMakeFiles/cmTC_d4248.dir/CheckSymbolExists.c.o   -c /run/media/rt-2pm2/500GB/autopilot/AVMSF/build/CMakeFiles/CMakeTmp/CheckSymbolExists.c
Linking C executable cmTC_d4248
/usr/bin/cmake -E cmake_link_script CMakeFiles/cmTC_d4248.dir/link.txt --verbose=1
/usr/bin/cc       CMakeFiles/cmTC_d4248.dir/CheckSymbolExists.c.o  -o cmTC_d4248 -rdynamic 
CMakeFiles/cmTC_d4248.dir/CheckSymbolExists.c.o: In function `main':
CheckSymbolExists.c:(.text+0x16): undefined reference to `pthread_create'
collect2: error: ld returned 1 exit status
CMakeFiles/cmTC_d4248.dir/build.make:97: recipe for target 'cmTC_d4248' failed
gmake[1]: *** [cmTC_d4248] Error 1
gmake[1]: Leaving directory '/run/media/rt-2pm2/500GB/autopilot/AVMSF/build/CMakeFiles/CMakeTmp'
Makefile:126: recipe for target 'cmTC_d4248/fast' failed
gmake: *** [cmTC_d4248/fast] Error 2

File /run/media/rt-2pm2/500GB/autopilot/AVMSF/build/CMakeFiles/CMakeTmp/CheckSymbolExists.c:
/* */
#include <pthread.h>

int main(int argc, char** argv)
{
  (void)argv;
#ifndef pthread_create
  return ((int*)(&pthread_create))[argc];
#else
  (void)argc;
  return 0;
#endif
}

Determining if the function pthread_create exists in the pthreads failed with the following output:
Change Dir: /run/media/rt-2pm2/500GB/autopilot/AVMSF/build/CMakeFiles/CMakeTmp

Run Build Command:"/usr/bin/gmake" "cmTC_40473/fast"
/usr/bin/gmake -f CMakeFiles/cmTC_40473.dir/build.make CMakeFiles/cmTC_40473.dir/build
gmake[1]: Entering directory '/run/media/rt-2pm2/500GB/autopilot/AVMSF/build/CMakeFiles/CMakeTmp'
Building C object CMakeFiles/cmTC_40473.dir/CheckFunctionExists.c.o
/usr/bin/cc    -DCHECK_FUNCTION_EXISTS=pthread_create   -o CMakeFiles/cmTC_40473.dir/CheckFunctionExists.c.o   -c /usr/share/cmake/Modules/CheckFunctionExists.c
Linking C executable cmTC_40473
/usr/bin/cmake -E cmake_link_script CMakeFiles/cmTC_40473.dir/link.txt --verbose=1
/usr/bin/cc   -DCHECK_FUNCTION_EXISTS=pthread_create    CMakeFiles/cmTC_40473.dir/CheckFunctionExists.c.o  -o cmTC_40473 -rdynamic -lpthreads 
/usr/bin/ld: cannot find -lpthreads
collect2: error: ld returned 1 exit status
CMakeFiles/cmTC_40473.dir/build.make:97: recipe for target 'cmTC_40473' failed
gmake[1]: *** [cmTC_40473] Error 1
gmake[1]: Leaving directory '/run/media/rt-2pm2/500GB/autopilot/AVMSF/build/CMakeFiles/CMakeTmp'
Makefile:126: recipe for target 'cmTC_40473/fast' failed
gmake: *** [cmTC_40473/fast] Error 2


